[18:03:57] [ServerMain/INFO]: Environment: Environment[sessionHost=https://sessionserver.mojang.com, servicesHost=https://api.minecraftservices.com, name=PROD]
[18:03:59] [ServerMain/INFO]: Loaded 1337 recipes
[18:04:00] [Server thread/INFO]: Starting minecraft server version 1.21.3
[18:04:00] [Server thread/INFO]: Loading properties
[18:04:00] [Server thread/INFO]: This server is running CraftBukkit version 4398-Spigot-60c9969-561ceb9 (MC: 1.21.3) (Implementing API version 1.21.3-R0.1-SNAPSHOT)
[18:04:00] [Server thread/INFO]: *** This version of Spigot contains changes to some enums. If you notice that plugins no longer work after updating, please report this to the developers of those plugins first. ***
[18:04:00] [Server thread/INFO]: *** If you cannot update those plugins, you can try setting `settings.compatibility.enum-compatibility-mode` to `true` in `bukkit.yml`. ***
[18:04:00] [Server thread/INFO]: Debug logging is disabled
[18:04:00] [Server thread/INFO]: Using 4 threads for Netty based IO
[18:04:00] [Server thread/INFO]: Server Ping Player Sample Count: 12
[18:04:00] [Server thread/INFO]: Default game type: SURVIVAL
[18:04:00] [Server thread/INFO]: Generating keypair
[18:04:00] [Server thread/INFO]: Starting Minecraft server on *:25565
[18:04:00] [Server thread/INFO]: Using default channel type
[18:04:01] [Server thread/INFO]: [eternal-lives] Loading eternal-lives v1.0.0-SNAPSHOT
[18:04:01] [Server thread/INFO]: [LuckPerms] Loading LuckPerms v5.4.131
[18:04:01] [Server thread/INFO]: [PlaceholderAPI] Loading PlaceholderAPI v2.11.6
[18:04:01] [Server thread/INFO]: [TAB] Loading TAB v5.2.1
[18:04:01] [Server thread/INFO]: [LuckPerms] Enabling LuckPerms v5.4.131
[18:04:02] [Server thread/INFO]:         __    
[18:04:02] [Server thread/INFO]:   |    |__)   LuckPerms v5.4.131
[18:04:02] [Server thread/INFO]:   |___ |      Running on Bukkit - CraftBukkit
[18:04:02] [Server thread/INFO]: 
[18:04:02] [Server thread/INFO]: [LuckPerms] Loading configuration...
[18:04:02] [Server thread/INFO]: [LuckPerms] Loading storage provider... [H2]
[18:04:02] [Server thread/INFO]: [LuckPerms] Loading internal permission managers...
[18:04:02] [Server thread/INFO]: [LuckPerms] Performing initial data load...
[18:04:02] [Server thread/INFO]: [LuckPerms] Successfully enabled. (took 1283ms)
[18:04:02] [Server thread/INFO]: Preparing level "world"
[18:04:02] [Server thread/INFO]: -------- World Settings For [world] --------
[18:04:02] [Server thread/INFO]: Allow Zombie Pigmen to spawn from portal blocks: true
[18:04:02] [Server thread/INFO]: Nerfing mobs spawned from spawners: false
[18:04:02] [Server thread/INFO]: Arrow Despawn Rate: 1200 Trident Respawn Rate:1200
[18:04:02] [Server thread/INFO]: Item Merge Radius: 2.5
[18:04:02] [Server thread/INFO]: Item Despawn Rate: 6000
[18:04:02] [Server thread/INFO]: Simulation Distance: 10
[18:04:02] [Server thread/INFO]: View Distance: 10
[18:04:02] [Server thread/INFO]: Zombie Aggressive Towards Villager: true
[18:04:02] [Server thread/INFO]: Hopper Transfer: 8 Hopper Check: 1 Hopper Amount: 1 Hopper Can Load Chunks: false
[18:04:02] [Server thread/INFO]: Experience Merge Radius: 3.0
[18:04:02] [Server thread/INFO]: Entity Activation Range: An 32 / Mo 32 / Ra 48 / Mi 16 / Tiv true / Isa false
[18:04:02] [Server thread/INFO]: Mob Spawn Range: 6
[18:04:02] [Server thread/INFO]: Tile Max Tick Time: 50ms Entity max Tick Time: 50ms
[18:04:02] [Server thread/INFO]: Cactus Growth Modifier: 100%
[18:04:02] [Server thread/INFO]: Cane Growth Modifier: 100%
[18:04:02] [Server thread/INFO]: Melon Growth Modifier: 100%
[18:04:02] [Server thread/INFO]: Mushroom Growth Modifier: 100%
[18:04:02] [Server thread/INFO]: Pumpkin Growth Modifier: 100%
[18:04:02] [Server thread/INFO]: Sapling Growth Modifier: 100%
[18:04:02] [Server thread/INFO]: Beetroot Growth Modifier: 100%
[18:04:02] [Server thread/INFO]: Carrot Growth Modifier: 100%
[18:04:02] [Server thread/INFO]: Potato Growth Modifier: 100%
[18:04:02] [Server thread/INFO]: Wheat Growth Modifier: 100%
[18:04:02] [Server thread/INFO]: NetherWart Growth Modifier: 100%
[18:04:02] [Server thread/INFO]: Vine Growth Modifier: 100%
[18:04:02] [Server thread/INFO]: Cocoa Growth Modifier: 100%
[18:04:02] [Server thread/INFO]: Bamboo Growth Modifier: 100%
[18:04:02] [Server thread/INFO]: SweetBerry Growth Modifier: 100%
[18:04:02] [Server thread/INFO]: Kelp Growth Modifier: 100%
[18:04:02] [Server thread/INFO]: TwistingVines Growth Modifier: 100%
[18:04:02] [Server thread/INFO]: WeepingVines Growth Modifier: 100%
[18:04:02] [Server thread/INFO]: CaveVines Growth Modifier: 100%
[18:04:02] [Server thread/INFO]: Max TNT Explosions: 100
[18:04:02] [Server thread/INFO]: Entity Tracking Range: Pl 48 / An 48 / Mo 48 / Mi 32 / Di 128 / Other 64
[18:04:02] [Server thread/INFO]: Custom Map Seeds:  Village: 10387312 Desert: 14357617 Igloo: 14357618 Jungle: 14357619 Swamp: 14357620 Monument: 10387313 Ocean: 14357621 Shipwreck: 165745295 End City: 10387313 Slime: 987234911 Nether: 30084232 Mansion: 10387319 Fossil: 14357921 Portal: 34222645
[18:04:03] [Server thread/INFO]: -------- World Settings For [world_nether] --------
[18:04:03] [Server thread/INFO]: Allow Zombie Pigmen to spawn from portal blocks: true
[18:04:03] [Server thread/INFO]: Nerfing mobs spawned from spawners: false
[18:04:03] [Server thread/INFO]: Arrow Despawn Rate: 1200 Trident Respawn Rate:1200
[18:04:03] [Server thread/INFO]: Item Merge Radius: 2.5
[18:04:03] [Server thread/INFO]: Item Despawn Rate: 6000
[18:04:03] [Server thread/INFO]: Simulation Distance: 10
[18:04:03] [Server thread/INFO]: View Distance: 10
[18:04:03] [Server thread/INFO]: Zombie Aggressive Towards Villager: true
[18:04:03] [Server thread/INFO]: Hopper Transfer: 8 Hopper Check: 1 Hopper Amount: 1 Hopper Can Load Chunks: false
[18:04:03] [Server thread/INFO]: Experience Merge Radius: 3.0
[18:04:03] [Server thread/INFO]: Entity Activation Range: An 32 / Mo 32 / Ra 48 / Mi 16 / Tiv true / Isa false
[18:04:03] [Server thread/INFO]: Mob Spawn Range: 6
[18:04:03] [Server thread/INFO]: Tile Max Tick Time: 50ms Entity max Tick Time: 50ms
[18:04:03] [Server thread/INFO]: Cactus Growth Modifier: 100%
[18:04:03] [Server thread/INFO]: Cane Growth Modifier: 100%
[18:04:03] [Server thread/INFO]: Melon Growth Modifier: 100%
[18:04:03] [Server thread/INFO]: Mushroom Growth Modifier: 100%
[18:04:03] [Server thread/INFO]: Pumpkin Growth Modifier: 100%
[18:04:03] [Server thread/INFO]: Sapling Growth Modifier: 100%
[18:04:03] [Server thread/INFO]: Beetroot Growth Modifier: 100%
[18:04:03] [Server thread/INFO]: Carrot Growth Modifier: 100%
[18:04:03] [Server thread/INFO]: Potato Growth Modifier: 100%
[18:04:03] [Server thread/INFO]: Wheat Growth Modifier: 100%
[18:04:03] [Server thread/INFO]: NetherWart Growth Modifier: 100%
[18:04:03] [Server thread/INFO]: Vine Growth Modifier: 100%
[18:04:03] [Server thread/INFO]: Cocoa Growth Modifier: 100%
[18:04:03] [Server thread/INFO]: Bamboo Growth Modifier: 100%
[18:04:03] [Server thread/INFO]: SweetBerry Growth Modifier: 100%
[18:04:03] [Server thread/INFO]: Kelp Growth Modifier: 100%
[18:04:03] [Server thread/INFO]: TwistingVines Growth Modifier: 100%
[18:04:03] [Server thread/INFO]: WeepingVines Growth Modifier: 100%
[18:04:03] [Server thread/INFO]: CaveVines Growth Modifier: 100%
[18:04:03] [Server thread/INFO]: Max TNT Explosions: 100
[18:04:03] [Server thread/INFO]: Entity Tracking Range: Pl 48 / An 48 / Mo 48 / Mi 32 / Di 128 / Other 64
[18:04:03] [Server thread/INFO]: Custom Map Seeds:  Village: 10387312 Desert: 14357617 Igloo: 14357618 Jungle: 14357619 Swamp: 14357620 Monument: 10387313 Ocean: 14357621 Shipwreck: 165745295 End City: 10387313 Slime: 987234911 Nether: 30084232 Mansion: 10387319 Fossil: 14357921 Portal: 34222645
[18:04:03] [Server thread/INFO]: -------- World Settings For [world_the_end] --------
[18:04:03] [Server thread/INFO]: Allow Zombie Pigmen to spawn from portal blocks: true
[18:04:03] [Server thread/INFO]: Nerfing mobs spawned from spawners: false
[18:04:03] [Server thread/INFO]: Arrow Despawn Rate: 1200 Trident Respawn Rate:1200
[18:04:03] [Server thread/INFO]: Item Merge Radius: 2.5
[18:04:03] [Server thread/INFO]: Item Despawn Rate: 6000
[18:04:03] [Server thread/INFO]: Simulation Distance: 10
[18:04:03] [Server thread/INFO]: View Distance: 10
[18:04:03] [Server thread/INFO]: Zombie Aggressive Towards Villager: true
[18:04:03] [Server thread/INFO]: Hopper Transfer: 8 Hopper Check: 1 Hopper Amount: 1 Hopper Can Load Chunks: false
[18:04:03] [Server thread/INFO]: Experience Merge Radius: 3.0
[18:04:03] [Server thread/INFO]: Entity Activation Range: An 32 / Mo 32 / Ra 48 / Mi 16 / Tiv true / Isa false
[18:04:03] [Server thread/INFO]: Mob Spawn Range: 6
[18:04:03] [Server thread/INFO]: Tile Max Tick Time: 50ms Entity max Tick Time: 50ms
[18:04:03] [Server thread/INFO]: Cactus Growth Modifier: 100%
[18:04:03] [Server thread/INFO]: Cane Growth Modifier: 100%
[18:04:03] [Server thread/INFO]: Melon Growth Modifier: 100%
[18:04:03] [Server thread/INFO]: Mushroom Growth Modifier: 100%
[18:04:03] [Server thread/INFO]: Pumpkin Growth Modifier: 100%
[18:04:03] [Server thread/INFO]: Sapling Growth Modifier: 100%
[18:04:03] [Server thread/INFO]: Beetroot Growth Modifier: 100%
[18:04:03] [Server thread/INFO]: Carrot Growth Modifier: 100%
[18:04:03] [Server thread/INFO]: Potato Growth Modifier: 100%
[18:04:03] [Server thread/INFO]: Wheat Growth Modifier: 100%
[18:04:03] [Server thread/INFO]: NetherWart Growth Modifier: 100%
[18:04:03] [Server thread/INFO]: Vine Growth Modifier: 100%
[18:04:03] [Server thread/INFO]: Cocoa Growth Modifier: 100%
[18:04:03] [Server thread/INFO]: Bamboo Growth Modifier: 100%
[18:04:03] [Server thread/INFO]: SweetBerry Growth Modifier: 100%
[18:04:03] [Server thread/INFO]: Kelp Growth Modifier: 100%
[18:04:03] [Server thread/INFO]: TwistingVines Growth Modifier: 100%
[18:04:03] [Server thread/INFO]: WeepingVines Growth Modifier: 100%
[18:04:03] [Server thread/INFO]: CaveVines Growth Modifier: 100%
[18:04:03] [Server thread/INFO]: Max TNT Explosions: 100
[18:04:03] [Server thread/INFO]: Entity Tracking Range: Pl 48 / An 48 / Mo 48 / Mi 32 / Di 128 / Other 64
[18:04:03] [Server thread/INFO]: Custom Map Seeds:  Village: 10387312 Desert: 14357617 Igloo: 14357618 Jungle: 14357619 Swamp: 14357620 Monument: 10387313 Ocean: 14357621 Shipwreck: 165745295 End City: 10387313 Slime: 987234911 Nether: 30084232 Mansion: 10387319 Fossil: 14357921 Portal: 34222645
[18:04:03] [Server thread/INFO]: Preparing start region for dimension minecraft:overworld
[18:04:05] [Worker-Main-8/INFO]: Preparing spawn area: 0%
[18:04:05] [Worker-Main-8/INFO]: Preparing spawn area: 0%
[18:04:05] [Worker-Main-8/INFO]: Preparing spawn area: 0%
[18:04:05] [Worker-Main-8/INFO]: Preparing spawn area: 0%
[18:04:05] [Worker-Main-8/INFO]: Preparing spawn area: 0%
[18:04:05] [Server thread/INFO]: Time elapsed: 2503 ms
[18:04:05] [Server thread/INFO]: Preparing start region for dimension minecraft:the_nether
[18:04:06] [Worker-Main-6/INFO]: Preparing spawn area: 0%
[18:04:06] [Server thread/INFO]: Time elapsed: 178 ms
[18:04:06] [Server thread/INFO]: Preparing start region for dimension minecraft:the_end
[18:04:06] [Worker-Main-5/INFO]: Preparing spawn area: 0%
[18:04:06] [Server thread/INFO]: Time elapsed: 148 ms
[18:04:06] [Server thread/INFO]: [eternal-lives] Enabling eternal-lives v1.0.0-SNAPSHOT
[18:04:06] [Server thread/WARN]: [eternal-lives] Loaded class me.clip.placeholderapi.expansion.PlaceholderExpansion from PlaceholderAPI v2.11.6 which is not a depend or softdepend of this plugin.
[18:04:06] [Server thread/INFO]: [PlaceholderAPI] Successfully registered internal expansion: eternal [1.0.0]
[18:04:06] [Server thread/INFO]: [eternal-lives] EternalLives started successfully.
[18:04:06] [Server thread/INFO]: [PlaceholderAPI] Enabling PlaceholderAPI v2.11.6
[18:04:06] [Server thread/INFO]: [PlaceholderAPI] Fetching available expansion information...
[18:04:06] [Server thread/INFO]: [TAB] Enabling TAB v5.2.1
[18:04:07] [Server thread/INFO]: [TAB] Enabled in 313ms
[18:04:07] [Server thread/INFO]: Server permissions file permissions.yml is empty, ignoring it
[18:04:07] [Server thread/INFO]: [PlaceholderAPI] Placeholder expansion registration initializing...
[18:04:07] [Server thread/INFO]: 0 placeholder hook(s) registered!
[18:04:07] [Server thread/INFO]: Done (4.242s)! For help, type "help"
[18:04:09] [User Authenticator #1/INFO]: UUID of player CassioMartim is 0300ef8b-2dbc-4dc7-bf34-e37b70a04fde
[18:04:09] [Server thread/INFO]: CassioMartim 17❤ joined the game
[18:04:09] [Server thread/INFO]: CassioMartim[/127.0.0.1:53847] logged in with entity id 39 at ([world]272.3757907119511, 69.0, 329.1497358186823)
[18:04:11] [Server thread/INFO]: CassioMartim issued server command: /time set day
[18:04:11] [Server thread/INFO]: [CassioMartim 17❤: Set the time to 1000]
[18:04:12] [Server thread/INFO]: CassioMartim issued server command: /difficulty peaceful
[18:04:12] [Server thread/INFO]: [CassioMartim 17❤: The difficulty has been set to Peaceful]
[18:05:32] [Thread-0/INFO]: Stopping server
